Symlinking /home/anviksha/ws_moveit/devel/share/moveit_ros_planning_interface/cmake/moveit_ros_planning_interfaceConfig.cmake
Symlinking /home/anviksha/ws_moveit/devel/share/moveit_ros_planning_interface/cmake/moveit_ros_planning_interfaceConfig-version.cmake
Symlinking /home/anviksha/ws_moveit/devel/lib/libmoveit_planning_scene_interface.so.1.1.1
Symlinking /home/anviksha/ws_moveit/devel/lib/libmoveit_py_bindings_tools.so
Symlinking /home/anviksha/ws_moveit/devel/lib/libmoveit_common_planning_interface_objects.so.1.1.1
Symlinking /home/anviksha/ws_moveit/devel/lib/libmoveit_common_planning_interface_objects.so
Symlinking /home/anviksha/ws_moveit/devel/lib/libmoveit_py_bindings_tools.so.1.1.1
Symlinking /home/anviksha/ws_moveit/devel/lib/libmoveit_move_group_interface.so
Symlinking /home/anviksha/ws_moveit/devel/lib/libmoveit_planning_scene_interface.so
Symlinking /home/anviksha/ws_moveit/devel/lib/libmoveit_move_group_interface.so.1.1.1
Symlinking /home/anviksha/ws_moveit/devel/lib/moveit_ros_planning_interface/test_cleanup
Symlinking /home/anviksha/ws_moveit/devel/lib/moveit_ros_planning_interface/demo
Symlinking /home/anviksha/ws_moveit/devel/lib/pkgconfig/moveit_ros_planning_interface.pc
Symlinking /home/anviksha/ws_moveit/devel/lib/python2.7/dist-packages/moveit_ros_planning_interface/_moveit_move_group_interface.so
Symlinking /home/anviksha/ws_moveit/devel/lib/python2.7/dist-packages/moveit_ros_planning_interface/_moveit_robot_interface.so.1.1.1
Symlinking /home/anviksha/ws_moveit/devel/lib/python2.7/dist-packages/moveit_ros_planning_interface/_moveit_robot_interface.so
Symlinking /home/anviksha/ws_moveit/devel/lib/python2.7/dist-packages/moveit_ros_planning_interface/__init__.py
Symlinking /home/anviksha/ws_moveit/devel/lib/python2.7/dist-packages/moveit_ros_planning_interface/_moveit_roscpp_initializer.so
Symlinking /home/anviksha/ws_moveit/devel/lib/python2.7/dist-packages/moveit_ros_planning_interface/_moveit_planning_interface_test_serialize_msg_cpp_helper.so.1.1.1
Symlinking /home/anviksha/ws_moveit/devel/lib/python2.7/dist-packages/moveit_ros_planning_interface/_moveit_roscpp_initializer.so.1.1.1
Symlinking /home/anviksha/ws_moveit/devel/lib/python2.7/dist-packages/moveit_ros_planning_interface/_moveit_planning_scene_interface.so.1.1.1
Symlinking /home/anviksha/ws_moveit/devel/lib/python2.7/dist-packages/moveit_ros_planning_interface/_moveit_planning_interface_test_serialize_msg_cpp_helper.so
Symlinking /home/anviksha/ws_moveit/devel/lib/python2.7/dist-packages/moveit_ros_planning_interface/_moveit_planning_scene_interface.so
Symlinking /home/anviksha/ws_moveit/devel/lib/python2.7/dist-packages/moveit_ros_planning_interface/_moveit_move_group_interface.so.1.1.1
